<?xml version="1.0" encoding="UTF-8"?>
<testsuite name="agh.ics.oop.AnimalTest" tests="4" skipped="0" failures="0" errors="0" timestamp="2022-10-24T21:12:01" hostname="DESKTOP-AAJN6IU" time="0.02">
  <properties/>
  <testcase name="Parser()" classname="agh.ics.oop.AnimalTest" time="0.015"/>
  <testcase name="OutOfMap()" classname="agh.ics.oop.AnimalTest" time="0.002"/>
  <testcase name="Orientation()" classname="agh.ics.oop.AnimalTest" time="0.0"/>
  <testcase name="Position()" classname="agh.ics.oop.AnimalTest" time="0.001"/>
  <system-out><![CDATA[]]></system-out>
  <system-err><![CDATA[]]></system-err>
</testsuite>
