<?xml version="1.0" encoding="UTF-8"?>
<testsuite name="agh.ics.oop.EngineTest" tests="1" skipped="0" failures="0" errors="0" timestamp="2022-11-29T22:32:27" hostname="DESKTOP-AAJN6IU" time="0.077">
  <properties/>
  <testcase name="System()" classname="agh.ics.oop.EngineTest" time="0.077"/>
  <system-out><![CDATA[ y\x  0 1 2 3 4 5 6 7 8 910
  6: -----------------------
  5: | | | | | | | | | | | |
  4: | | | |N| | | | | | | |
  3: | | | | | | | | | | | |
  2: | | |N| | | | | | | | |
  1: | | | | | | | | | | | |
  0: | | | | | | | | | | | |
 -1: -----------------------

 y\x  0 1 2 3 4 5 6 7 8 910
  6: -----------------------
  5: | | | | | | | | | | | |
  4: | | | |N| | | | | | | |
  3: | | |N| | | | | | | | |
  2: | | | | | | | | | | | |
  1: | | | | | | | | | | | |
  0: | | | | | | | | | | | |
 -1: -----------------------

 y\x  0 1 2 3 4 5 6 7 8 910
  6: -----------------------
  5: | | | | | | | | | | | |
  4: | | | | | | | | | | | |
  3: | | |N|N| | | | | | | |
  2: | | | | | | | | | | | |
  1: | | | | | | | | | | | |
  0: | | | | | | | | | | | |
 -1: -----------------------

 y\x  0 1 2 3 4 5 6 7 8 910
  6: -----------------------
  5: | | | | | | | | | | | |
  4: | | | | | | | | | | | |
  3: | | |E|N| | | | | | | |
  2: | | | | | | | | | | | |
  1: | | | | | | | | | | | |
  0: | | | | | | | | | | | |
 -1: -----------------------

 y\x  0 1 2 3 4 5 6 7 8 910
  6: -----------------------
  5: | | | | | | | | | | | |
  4: | | | | | | | | | | | |
  3: | | |E|W| | | | | | | |
  2: | | | | | | | | | | | |
  1: | | | | | | | | | | | |
  0: | | | | | | | | | | | |
 -1: -----------------------

 y\x  0 1 2 3 4 5 6 7 8 910
  6: -----------------------
  5: | | | | | | | | | | | |
  4: | | | | | | | | | | | |
  3: | | |E|W| | | | | | | |
  2: | | | | | | | | | | | |
  1: | | | | | | | | | | | |
  0: | | | | | | | | | | | |
 -1: -----------------------

 y\x  0 1 2 3 4 5 6 7 8 910
  6: -----------------------
  5: | | | | | | | | | | | |
  4: | | | | | | | | | | | |
  3: | | |E|W| | | | | | | |
  2: | | | | | | | | | | | |
  1: | | | | | | | | | | | |
  0: | | | | | | | | | | | |
 -1: -----------------------

 y\x  0 1 2 3 4 5 6 7 8 910
  6: -----------------------
  5: | | | | | | | | | | | |
  4: | | | | | | | | | | | |
  3: | | |S|W| | | | | | | |
  2: | | | | | | | | | | | |
  1: | | | | | | | | | | | |
  0: | | | | | | | | | | | |
 -1: -----------------------

 y\x  0 1 2 3 4 5 6 7 8 910
  6: -----------------------
  5: | | | | | | | | | | | |
  4: | | | | | | | | | | | |
  3: | | |S|N| | | | | | | |
  2: | | | | | | | | | | | |
  1: | | | | | | | | | | | |
  0: | | | | | | | | | | | |
 -1: -----------------------

 y\x  0 1 2 3 4 5 6 7 8 910
  6: -----------------------
  5: | | | | | | | | | | | |
  4: | | | | | | | | | | | |
  3: | | | |N| | | | | | | |
  2: | | |S| | | | | | | | |
  1: | | | | | | | | | | | |
  0: | | | | | | | | | | | |
 -1: -----------------------

 y\x  0 1 2 3 4 5 6 7 8 910
  6: -----------------------
  5: | | | | | | | | | | | |
  4: | | | |N| | | | | | | |
  3: | | | | | | | | | | | |
  2: | | |S| | | | | | | | |
  1: | | | | | | | | | | | |
  0: | | | | | | | | | | | |
 -1: -----------------------

 y\x  0 1 2 3 4 5 6 7 8 910
  6: -----------------------
  5: | | | | | | | | | | | |
  4: | | | |N| | | | | | | |
  3: | | | | | | | | | | | |
  2: | | | | | | | | | | | |
  1: | | |S| | | | | | | | |
  0: | | | | | | | | | | | |
 -1: -----------------------

 y\x  0 1 2 3 4 5 6 7 8 910
  6: -----------------------
  5: | | | |N| | | | | | | |
  4: | | | | | | | | | | | |
  3: | | | | | | | | | | | |
  2: | | | | | | | | | | | |
  1: | | |S| | | | | | | | |
  0: | | | | | | | | | | | |
 -1: -----------------------

 y\x  0 1 2 3 4 5 6 7 8 910
  6: -----------------------
  5: | | | |N| | | | | | | |
  4: | | | | | | | | | | | |
  3: | | | | | | | | | | | |
  2: | | | | | | | | | | | |
  1: | | | | | | | | | | | |
  0: | | |S| | | | | | | | |
 -1: -----------------------

 y\x  0 1 2 3 4 5 6 7 8 910
  6: -----------------------
  5: | | | |N| | | | | | | |
  4: | | | | | | | | | | | |
  3: | | | | | | | | | | | |
  2: | | | | | | | | | | | |
  1: | | | | | | | | | | | |
  0: | | |S| | | | | | | | |
 -1: -----------------------

 y\x  0 1 2 3 4 5 6 7 8 910
  6: -----------------------
  5: | | | |N| | | | | | | |
  4: | | | | | | | | | | | |
  3: | | | | | | | | | | | |
  2: | | | | | | | | | | | |
  1: | | | | | | | | | | | |
  0: | | |S| | | | | | | | |
 -1: -----------------------

 y\x  0 1 2 3 4 5 6 7 8 910
  6: -----------------------
  5: | | | |N| | | | | | | |
  4: | | | | | | | | | | | |
  3: | | | | | | | | | | | |
  2: | | | | | | | | | | | |
  1: | | | | | | | | | | | |
  0: | | |S| | | | | | | | |
 -1: -----------------------

 y\x  0 1 2 3 4 5 6 7 8 910
  6: -----------------------
  5: | | | | | | | | | | | |
  4: | | | |N| | | | | | | |
  3: | | | | | | | | | | | |
  2: | | |N| | | | | | | | |
  1: | | | | | |N| | | | | |
  0: | | | | | | | | | | | |
 -1: -----------------------

 y\x  0 1 2 3 4 5 6 7 8 910
  6: -----------------------
  5: | | | | | | | | | | | |
  4: | | | |N| | | | | | | |
  3: | | |N| | | | | | | | |
  2: | | | | | | | | | | | |
  1: | | | | | |N| | | | | |
  0: | | | | | | | | | | | |
 -1: -----------------------

 y\x  0 1 2 3 4 5 6 7 8 910
  6: -----------------------
  5: | | | | | | | | | | | |
  4: | | | | | | | | | | | |
  3: | | |N|N| | | | | | | |
  2: | | | | | | | | | | | |
  1: | | | | | |N| | | | | |
  0: | | | | | | | | | | | |
 -1: -----------------------

 y\x  0 1 2 3 4 5 6 7 8 910
  6: -----------------------
  5: | | | | | | | | | | | |
  4: | | | | | | | | | | | |
  3: | | |N|N| | | | | | | |
  2: | | | | | | | | | | | |
  1: | | | | | |E| | | | | |
  0: | | | | | | | | | | | |
 -1: -----------------------

 y\x  0 1 2 3 4 5 6 7 8 910
  6: -----------------------
  5: | | | | | | | | | | | |
  4: | | | | | | | | | | | |
  3: | | |W|N| | | | | | | |
  2: | | | | | | | | | | | |
  1: | | | | | |E| | | | | |
  0: | | | | | | | | | | | |
 -1: -----------------------

 y\x  0 1 2 3 4 5 6 7 8 910
  6: -----------------------
  5: | | | | | | | | | | | |
  4: | | | |N| | | | | | | |
  3: | | |W| | | | | | | | |
  2: | | | | | | | | | | | |
  1: | | | | | |E| | | | | |
  0: | | | | | | | | | | | |
 -1: -----------------------

 y\x  0 1 2 3 4 5 6 7 8 910
  6: -----------------------
  5: | | | | | | | | | | | |
  4: | | | |N| | | | | | | |
  3: | | |W| | | | | | | | |
  2: | | | | | | | | | | | |
  1: | | | | | | |E| | | | |
  0: | | | | | | | | | | | |
 -1: -----------------------

 y\x  0 1 2 3 4 5 6 7 8 910
  6: -----------------------
  5: | | | | | | | | | | | |
  4: | | | |N| | | | | | | |
  3: | | |N| | | | | | | | |
  2: | | | | | | | | | | | |
  1: | | | | | | |E| | | | |
  0: | | | | | | | | | | | |
 -1: -----------------------

 y\x  0 1 2 3 4 5 6 7 8 910
  6: -----------------------
  5: | | | | | | | | | | | |
  4: | | | |E| | | | | | | |
  3: | | |N| | | | | | | | |
  2: | | | | | | | | | | | |
  1: | | | | | | |E| | | | |
  0: | | | | | | | | | | | |
 -1: -----------------------

 y\x  0 1 2 3 4 5 6 7 8 910
  6: -----------------------
  5: | | | | | | | | | | | |
  4: | | | |E| | | | | | | |
  3: | | |N| | | | | | | | |
  2: | | | | | | | | | | | |
  1: | | | | | | | |E| | | |
  0: | | | | | | | | | | | |
 -1: -----------------------

 y\x  0 1 2 3 4 5 6 7 8 910
  6: -----------------------
  5: | | | | | | | | | | | |
  4: | | |N|E| | | | | | | |
  3: | | | | | | | | | | | |
  2: | | | | | | | | | | | |
  1: | | | | | | | |E| | | |
  0: | | | | | | | | | | | |
 -1: -----------------------

 y\x  0 1 2 3 4 5 6 7 8 910
  6: -----------------------
  5: | | | | | | | | | | | |
  4: | | |N| |E| | | | | | |
  3: | | | | | | | | | | | |
  2: | | | | | | | | | | | |
  1: | | | | | | | |E| | | |
  0: | | | | | | | | | | | |
 -1: -----------------------

 y\x  0 1 2 3 4 5 6 7 8 910
  6: -----------------------
  5: | | | | | | | | | | | |
  4: | | |N| |E| | | | | | |
  3: | | | | | | | | | | | |
  2: | | | | | | | | | | | |
  1: | | | | | | | | |E| | |
  0: | | | | | | | | | | | |
 -1: -----------------------

 y\x  0 1 2 3 4 5 6 7 8 910
  6: -----------------------
  5: | | |N| | | | | | | | |
  4: | | | | |E| | | | | | |
  3: | | | | | | | | | | | |
  2: | | | | | | | | | | | |
  1: | | | | | | | | |E| | |
  0: | | | | | | | | | | | |
 -1: -----------------------

 y\x  0 1 2 3 4 5 6 7 8 910
  6: -----------------------
  5: | | |N| | | | | | | | |
  4: | | | | | |E| | | | | |
  3: | | | | | | | | | | | |
  2: | | | | | | | | | | | |
  1: | | | | | | | | |E| | |
  0: | | | | | | | | | | | |
 -1: -----------------------

 y\x  0 1 2 3 4 5 6 7 8 910
  6: -----------------------
  5: | | |N| | | | | | | | |
  4: | | | | | |E| | | | | |
  3: | | | | | | | | | | | |
  2: | | | | | | | | | | | |
  1: | | | | | | | | | |E| |
  0: | | | | | | | | | | | |
 -1: -----------------------

 y\x  0 1 2 3 4 5 6 7 8 910
  6: -----------------------
  5: | | |N| | | | | | | | |
  4: | | | | | |E| | | | | |
  3: | | | | | | | | | | | |
  2: | | | | | | | | | | | |
  1: | | | | | | | | | |E| |
  0: | | | | | | | | | | | |
 -1: -----------------------

 y\x  2 3 4 5 6
  7: -----------
  6: | | | | |*|
  5: | | | | | |
  4: | |N| | | |
  3: | | | | | |
  2: |N| | | | |
  1: |*| |*|*| |
  0: | | |*| | |
 -1: -----------

 y\x  2 3 4 5 6
  7: -----------
  6: | | | | |*|
  5: | | | | | |
  4: | |N| | | |
  3: |N| | | | |
  2: | | | | | |
  1: |*| |*|*| |
  0: | | |*| | |
 -1: -----------

 y\x  2 3 4 5 6
  7: -----------
  6: | | | | |*|
  5: | | | | | |
  4: | | | | | |
  3: |N|N| | | |
  2: | | | | | |
  1: |*| |*|*| |
  0: | | |*| | |
 -1: -----------

 y\x  2 3 4 5 6
  7: -----------
  6: | | | | |*|
  5: | | | | | |
  4: | | | | | |
  3: |E|N| | | |
  2: | | | | | |
  1: |*| |*|*| |
  0: | | |*| | |
 -1: -----------

 y\x  2 3 4 5 6
  7: -----------
  6: | | | | |*|
  5: | | | | | |
  4: | | | | | |
  3: |E|W| | | |
  2: | | | | | |
  1: |*| |*|*| |
  0: | | |*| | |
 -1: -----------

 y\x  2 3 4 5 6
  7: -----------
  6: | | | | |*|
  5: | | | | | |
  4: | | | | | |
  3: |E|W| | | |
  2: | | | | | |
  1: |*| |*|*| |
  0: | | |*| | |
 -1: -----------

 y\x  2 3 4 5 6
  7: -----------
  6: | | | | |*|
  5: | | | | | |
  4: | | | | | |
  3: |E|W| | | |
  2: | | | | | |
  1: |*| |*|*| |
  0: | | |*| | |
 -1: -----------

 y\x  2 3 4 5 6
  7: -----------
  6: | | | | |*|
  5: | | | | | |
  4: | | | | | |
  3: |S|W| | | |
  2: | | | | | |
  1: |*| |*|*| |
  0: | | |*| | |
 -1: -----------

 y\x  2 3 4 5 6
  7: -----------
  6: | | | | |*|
  5: | | | | | |
  4: | | | | | |
  3: |S|N| | | |
  2: | | | | | |
  1: |*| |*|*| |
  0: | | |*| | |
 -1: -----------

 y\x  2 3 4 5 6
  7: -----------
  6: | | | | |*|
  5: | | | | | |
  4: | | | | | |
  3: | |N| | | |
  2: |S| | | | |
  1: |*| |*|*| |
  0: | | |*| | |
 -1: -----------

 y\x  2 3 4 5 6
  7: -----------
  6: | | | | |*|
  5: | | | | | |
  4: | |N| | | |
  3: | | | | | |
  2: |S| | | | |
  1: |*| |*|*| |
  0: | | |*| | |
 -1: -----------

 y\x  1 2 3 4 5 6
  7: -------------
  6: | | | | | |*|
  5: |*| | | | | |
  4: | | |N| | | |
  3: | | | | | | |
  2: | | | | | | |
  1: | |S| |*|*| |
  0: | | | |*| | |
 -1: -------------

 y\x  1 2 3 4 5 6
  7: -------------
  6: | | | | | |*|
  5: |*| |N| | | |
  4: | | | | | | |
  3: | | | | | | |
  2: | | | | | | |
  1: | |S| |*|*| |
  0: | | | |*| | |
 -1: -------------

 y\x  1 2 3 4 5 6
  7: -------------
  6: | | | | | |*|
  5: |*| |N| | | |
  4: | | | | | | |
  3: | | | | | | |
  2: | | | | | | |
  1: | | | |*|*| |
  0: | |S| |*| | |
 -1: -------------

 y\x  1 2 3 4 5 6
  7: -------------
  6: | | |N| | |*|
  5: |*| | | | | |
  4: | | | | | | |
  3: | | | | | | |
  2: | | | | | | |
  1: | | | |*|*| |
  0: | |S| |*| | |
 -1: -------------

 y\x  1 2 3 4 5 6
  7: -------------
  6: | | |N| | |*|
  5: |*| | | | | |
  4: | | | | | | |
  3: | | | | | | |
  2: | | | | | | |
  1: | | | |*|*| |
  0: | | | |*| | |
 -1: | |S| | | | |
 -2: -------------

 y\x  1 2 3 4 5 6
  8: -------------
  7: | | |N| | | |
  6: | | | | | |*|
  5: |*| | | | | |
  4: | | | | | | |
  3: | | | | | | |
  2: | | | | | | |
  1: | | | |*|*| |
  0: | | | |*| | |
 -1: | |S| | | | |
 -2: -------------

]]></system-out>
  <system-err><![CDATA[]]></system-err>
</testsuite>
